<?xml version="1.0" encoding="UTF-8"?>
<!-- Generated by org.testng.reporters.JUnitXMLReporter -->
<testsuite hostname="BDC4-D-1RT5N62" ignored="0" name="Test1IE" tests="5" failures="0" timestamp="08 Feb 2019 09:56:19 GMT" time="70.977" errors="0">
  <testcase name="testDemoWebShopLogin" time="13.63" classname="hollaselenium.hollaseleniumday1.TestLoginDemoWebShop"/>
  <testcase name="testDemoWebShopLogin" time="15.12" classname="hollaselenium.hollaseleniumday1.TestLoginDemoWebShop"/>
  <testcase name="testDemoWebShopLogin" time="10.487" classname="hollaselenium.hollaseleniumday1.TestLoginDemoWebShop"/>
  <testcase name="testDemoWebShopLogin" time="9.117" classname="hollaselenium.hollaseleniumday1.TestLoginDemoWebShop"/>
  <testcase name="testDemoWebShopLogin" time="9.095" classname="hollaselenium.hollaseleniumday1.TestLoginDemoWebShop"/>
</testsuite> <!-- Test1IE -->
