<?xml version="1.0" encoding="UTF-8"?>
<!-- Generated by org.testng.reporters.JUnitXMLReporter -->
<testsuite hostname="BDC4-D-1RT5N62" ignored="0" name="Test1Chrome" tests="5" failures="0" timestamp="08 Feb 2019 09:55:45 GMT" time="36.823" errors="0">
  <testcase name="testDemoWebShopLogin" time="4.387" classname="hollaselenium.hollaseleniumday1.TestLoginDemoWebShop"/>
  <testcase name="testDemoWebShopLogin" time="5.179" classname="hollaselenium.hollaseleniumday1.TestLoginDemoWebShop"/>
  <testcase name="testDemoWebShopLogin" time="4.38" classname="hollaselenium.hollaseleniumday1.TestLoginDemoWebShop"/>
  <testcase name="testDemoWebShopLogin" time="4.589" classname="hollaselenium.hollaseleniumday1.TestLoginDemoWebShop"/>
  <testcase name="testDemoWebShopLogin" time="4.351" classname="hollaselenium.hollaseleniumday1.TestLoginDemoWebShop"/>
</testsuite> <!-- Test1Chrome -->
